#
# There is insufficient memory for the Java Runtime Environment to continue.
# Native memory allocation (malloc) failed to allocate 577856 bytes for Chunk::new
# Possible reasons:
#   The system is out of physical RAM or swap space
#   The process is running with CompressedOops enabled, and the Java Heap may be blocking the growth of the native heap
# Possible solutions:
#   Reduce memory load on the system
#   Increase physical memory or swap space
#   Check if swap backing store is full
#   Decrease Java heap size (-Xmx/-Xms)
#   Decrease number of Java threads
#   Decrease Java thread stack sizes (-Xss)
#   Set larger code cache with -XX:ReservedCodeCacheSize=
#   JVM is running with Unscaled Compressed Oops mode in which the Java heap is
#     placed in the first 4GB address space. The Java Heap base address is the
#     maximum limit for the native heap growth. Please use -XX:HeapBaseMinAddress
#     to set the Java Heap base and to place the Java Heap above 4GB virtual address.
# This output file may be truncated or incomplete.
#
#  Out of Memory Error (allocation.cpp:389), pid=4520, tid=0x00000000000036c4
#
# JRE version: OpenJDK Runtime Environment (8.0_242-b01) (build 1.8.0_242-release-1644-b01)
# Java VM: OpenJDK 64-Bit Server VM (25.242-b01 mixed mode windows-amd64 compressed oops)
# Failed to write core dump. Minidumps are not enabled by default on client versions of Windows
#

---------------  T H R E A D  ---------------

Current thread (0x0000000019a83800):  JavaThread "C2 CompilerThread0" daemon [_thread_in_native, id=14020, stack(0x000000001a350000,0x000000001a450000)]

Stack: [0x000000001a350000,0x000000001a450000]
[error occurred during error reporting (printing stack bounds), id 0xc0000005]

Native frames: (J=compiled Java code, j=interpreted, Vv=VM code, C=native code)


Current CompileTask:
C2: 873887 17876       4       org.gradle.cache.internal.DefaultCacheFactory$ReferenceTrackingCache::useCache (14 bytes)


---------------  P R O C E S S  ---------------

Java Threads: ( => current thread )
  0x000000001ba63000 JavaThread "Cache worker for file content cache (F:\PROJECT\Mobile\Map\.gradle\6.1.1\fileContent)" [_thread_blocked, id=9872, stack(0x0000000025900000,0x0000000025a00000)]
  0x000000001ba5d000 JavaThread "Cache worker for Build Output Cleanup Cache (F:\PROJECT\Mobile\Map\.gradle\buildOutputCleanup)" [_thread_blocked, id=10496, stack(0x0000000025800000,0x0000000025900000)]
  0x000000001ba62000 JavaThread "Build operations Thread 8" [_thread_blocked, id=14044, stack(0x0000000025700000,0x0000000025800000)]
  0x000000001ba5a800 JavaThread "Build operations Thread 7" [_thread_blocked, id=2944, stack(0x0000000025600000,0x0000000025700000)]
  0x000000001ba5f000 JavaThread "Build operations Thread 6" [_thread_blocked, id=13096, stack(0x0000000025500000,0x0000000025600000)]
  0x000000001ba5b800 JavaThread "Build operations Thread 5" [_thread_blocked, id=13456, stack(0x0000000024350000,0x0000000024450000)]
  0x000000001ba5a000 JavaThread "Build operations Thread 4" [_thread_blocked, id=5112, stack(0x0000000024250000,0x0000000024350000)]
  0x000000001ba60000 JavaThread "Build operations Thread 3" [_thread_blocked, id=12892, stack(0x0000000024150000,0x0000000024250000)]
  0x0000000021bd1000 JavaThread "Build operations Thread 2" [_thread_blocked, id=12968, stack(0x00000000211d0000,0x00000000212d0000)]
  0x0000000021bd3800 JavaThread "Build operations" [_thread_blocked, id=14016, stack(0x0000000020d30000,0x0000000020e30000)]
  0x0000000021bd0800 JavaThread "Cache worker for cache directory md-rule (C:\Users\Administrator\.gradle\caches\6.1.1\md-rule)" [_thread_blocked, id=3644, stack(0x0000000020c30000,0x0000000020d30000)]
  0x0000000021bd2000 JavaThread "Cache worker for cache directory md-supplier (C:\Users\Administrator\.gradle\caches\6.1.1\md-supplier)" [_thread_blocked, id=13588, stack(0x000000001e290000,0x000000001e390000)]
  0x0000000021bd2800 JavaThread "Cache worker for file hash cache (F:\PROJECT\Mobile\Map\.gradle\6.1.1\fileHashes)" [_thread_blocked, id=6428, stack(0x000000001e190000,0x000000001e290000)]
  0x0000000021bc9000 JavaThread "Cache worker for checksums cache (F:\PROJECT\Mobile\Map\.gradle\checksums)" [_thread_blocked, id=88, stack(0x000000001e090000,0x000000001e190000)]
  0x0000000021bcf800 JavaThread "Thread-260" [_thread_blocked, id=2708, stack(0x000000001df90000,0x000000001e090000)]
  0x0000000021bc8000 JavaThread "Stdin handler" [_thread_blocked, id=13036, stack(0x000000001de90000,0x000000001df90000)]
  0x0000000021bc7800 JavaThread "Asynchronous log dispatcher for DefaultDaemonConnection: socket connection from /127.0.0.1:56651 to /127.0.0.1:57646" [_thread_blocked, id=6996, stack(0x000000001db90000,0x000000001dc90000)]
  0x0000000021bce000 JavaThread "Cancel handler" [_thread_blocked, id=6252, stack(0x0000000000ed0000,0x0000000000fd0000)]
  0x0000000021bc6800 JavaThread "Handler for socket connection from /127.0.0.1:56651 to /127.0.0.1:57646" [_thread_in_native, id=5304, stack(0x0000000000dd0000,0x0000000000ed0000)]
  0x000000001cf47800 JavaThread "Daemon worker Thread 6" [_thread_in_Java, id=14160, stack(0x000000001da90000,0x000000001db90000)]
  0x000000001cf48000 JavaThread "Daemon Thread 6" [_thread_blocked, id=13804, stack(0x0000000000cd0000,0x0000000000dd0000)]
  0x0000000021bca800 JavaThread "Cache worker for Java compile cache (C:\Users\Administrator\.gradle\caches\6.1.1\javaCompile)" [_thread_blocked, id=10696, stack(0x0000000028830000,0x0000000028930000)]
  0x000000001cf50800 JavaThread "Cache worker for file content cache (C:\Users\Administrator\.gradle\caches\6.1.1\fileContent)" [_thread_blocked, id=1928, stack(0x0000000026930000,0x0000000026a30000)]
  0x000000001cf52000 JavaThread "Memory manager" [_thread_blocked, id=11940, stack(0x0000000026200000,0x0000000026300000)]
  0x000000001cc91800 JavaThread "Cache worker for execution history cache (C:\Users\Administrator\.gradle\caches\6.1.1\executionHistory)" [_thread_blocked, id=14324, stack(0x0000000020e30000,0x0000000020f30000)]
  0x000000001cc8f800 JavaThread "Cache worker for file hash cache (C:\Users\Administrator\.gradle\caches\6.1.1\fileHashes)" [_thread_blocked, id=8460, stack(0x000000001e790000,0x000000001e890000)]
  0x000000001cc90000 JavaThread "File lock request listener" [_thread_in_native, id=2496, stack(0x000000001e690000,0x000000001e790000)]
  0x000000001cd63800 JavaThread "Cache worker for journal cache (C:\Users\Administrator\.gradle\caches\journal-1)" [_thread_blocked, id=3812, stack(0x000000001e590000,0x000000001e690000)]
  0x000000001cb7e000 JavaThread "Daemon periodic checks" [_thread_blocked, id=8056, stack(0x000000001d990000,0x000000001da90000)]
  0x000000001cb63000 JavaThread "Incoming local TCP Connector on port 56651" [_thread_in_native, id=8856, stack(0x000000001d750000,0x000000001d850000)]
  0x000000001aa63800 JavaThread "Daemon health stats" [_thread_blocked, id=14108, stack(0x000000001c120000,0x000000001c220000)]
  0x0000000019b17000 JavaThread "Service Thread" daemon [_thread_blocked, id=13664, stack(0x000000001a750000,0x000000001a850000)]
  0x0000000019a8f800 JavaThread "C1 CompilerThread3" daemon [_thread_in_vm, id=13340, stack(0x000000001a650000,0x000000001a750000)]
  0x0000000019a88800 JavaThread "C2 CompilerThread2" daemon [_thread_in_native, id=13696, stack(0x000000001a550000,0x000000001a650000)]
  0x0000000019a87800 JavaThread "C2 CompilerThread1" daemon [_thread_in_native, id=4236, stack(0x000000001a450000,0x000000001a550000)]
=>0x0000000019a83800 JavaThread "C2 CompilerThread0" daemon [_thread_in_native, id=14020, stack(0x000000001a350000,0x000000001a450000)]
  0x0000000019a7f000 JavaThread "Attach Listener" daemon [_thread_blocked, id=7764, stack(0x000000001a250000,0x000000001a350000)]
  0x0000000019a7e000 JavaThread "Signal Dispatcher" daemon [_thread_blocked, id=14288, stack(0x000000001a150000,0x000000001a250000)]
  0x0000000002bf9800 JavaThread "Finalizer" daemon [_thread_blocked, id=4484, stack(0x0000000019f50000,0x000000001a050000)]
  0x0000000002bf6000 JavaThread "Reference Handler" daemon [_thread_blocked, id=13668, stack(0x0000000019e50000,0x0000000019f50000)]
  0x0000000002afe000 JavaThread "main" [_thread_blocked, id=13424, stack(0x0000000002900000,0x0000000002a00000)]

Other Threads:
  0x0000000017c67800 VMThread [stack: 0x0000000019950000,0x0000000019a50000] [id=796]
  0x0000000019aaa000 WatcherThread [stack: 0x000000001a850000,0x000000001a950000] [id=9296]

VM state:not at safepoint (normal execution)

VM Mutex/Monitor currently owned by a thread: None

OutOfMemory and StackOverflow Exception counts:
OutOfMemoryError java_heap_errors=1

heap address: 0x0000000080000000, size: 2048 MB, Compressed Oops mode: 32-bit
Narrow klass base: 0x0000000000000000, Narrow klass shift: 3
Compressed class space size: 1073741824 Address: 0x0000000100000000

Heap:
 PSYoungGen      total 555008K, used 138434K [0x00000000d5580000, 0x00000000f9d00000, 0x0000000100000000)
  eden space 538112K, 25% used [0x00000000d5580000,0x00000000ddcb09e8,0x00000000f6300000)
  from space 16896K, 0% used [0x00000000f8c80000,0x00000000f8c80000,0x00000000f9d00000)
  to   space 29696K, 0% used [0x00000000f6300000,0x00000000f6300000,0x00000000f8000000)
 ParOldGen       total 96768K, used 45424K [0x0000000080000000, 0x0000000085e80000, 0x00000000d5580000)
  object space 96768K, 46% used [0x0000000080000000,0x0000000082c5c180,0x0000000085e80000)
 Metaspace       used 91542K, capacity 96956K, committed 98856K, reserved 1134592K
  class space    used 12111K, capacity 13077K, committed 13608K, reserved 1048576K

Card table byte_map: [0x0000000011fc0000,0x00000000123d0000] byte_map_base: 0x0000000011bc0000

Marking Bits: (ParMarkBitMap*) 0x000000006f8cf030
 Begin Bits: [0x0000000012e80000, 0x0000000014e80000)
 End Bits:   [0x0000000014e80000, 0x0000000016e80000)

Polling page: 0x0000000002830000

CodeCache: size=245760Kb used=47837Kb max_used=47837Kb free=197922Kb
 bounds [0x0000000002c00000, 0x0000000005b00000, 0x0000000011c00000]
 total_blobs=15552 nmethods=14675 adapters=788
 compilation: enabled

Compilation events (10 events):
Event: 873.875 Thread 0x0000000019a8f800 nmethod 17953 0x0000000005af1f10 code [0x0000000005af2060, 0x0000000005af2270]
Event: 873.875 Thread 0x0000000019a8f800 17954       3       org.gradle.api.internal.artifacts.publish.DecoratingPublishArtifact_Decorated::getExtension (39 bytes)
Event: 873.876 Thread 0x0000000019a8f800 nmethod 17954 0x0000000005af2310 code [0x0000000005af2560, 0x0000000005af3288]
Event: 873.876 Thread 0x0000000019a8f800 17955       3       org.gradle.api.internal.artifacts.publish.DecoratingPublishArtifact::getExtension (20 bytes)
Event: 873.876 Thread 0x0000000019a8f800 nmethod 17955 0x0000000005af3790 code [0x0000000005af3920, 0x0000000005af3d18]
Event: 873.876 Thread 0x0000000019a8f800 17956       3       org.gradle.api.internal.artifacts.dsl.LazyPublishArtifact::getExtension (10 bytes)
Event: 873.877 Thread 0x0000000019a8f800 nmethod 17956 0x0000000005af3e50 code [0x0000000005af3fc0, 0x0000000005af4218]
Event: 873.877 Thread 0x0000000019a8f800 17958       3       org.gradle.api.internal.artifacts.ivyservice.moduleconverter.dependencies.DefaultDependencyDescriptorFactory::createDependencyConstraintDescriptor (95 bytes)
Event: 873.877 Thread 0x0000000019a8f800 nmethod 17958 0x0000000005af4310 code [0x0000000005af4560, 0x0000000005af52b8]
Event: 873.877 Thread 0x0000000019a8f800 17959       3       org.gradle.api.internal.artifacts.dependencies.DefaultDependencyConstraint_Decorated::getGroup (39 bytes)

GC Heap History (10 events):
Event: 12.259 GC heap before
{Heap before GC invocations=14 (full 3):
 PSYoungGen      total 374272K, used 350863K [0x00000000d5580000, 0x00000000edd80000, 0x0000000100000000)
  eden space 351744K, 99% used [0x00000000d5580000,0x00000000eac23e08,0x00000000ead00000)
  from space 22528K, 0% used [0x00000000ec400000,0x00000000ec400000,0x00000000eda00000)
  to   space 23552K, 0% used [0x00000000ead00000,0x00000000ead00000,0x00000000ec400000)
 ParOldGen       total 96768K, used 28907K [0x0000000080000000, 0x0000000085e80000, 0x00000000d5580000)
  object space 96768K, 29% used [0x0000000080000000,0x0000000081c3adb0,0x0000000085e80000)
 Metaspace       used 72076K, capacity 75676K, committed 75824K, reserved 1114112K
  class space    used 9876K, capacity 10515K, committed 10544K, reserved 1048576K
Event: 12.276 GC heap after
Heap after GC invocations=14 (full 3):
 PSYoungGen      total 375296K, used 23526K [0x00000000d5580000, 0x00000000f5000000, 0x0000000100000000)
  eden space 351744K, 0% used [0x00000000d5580000,0x00000000d5580000,0x00000000ead00000)
  from space 23552K, 99% used [0x00000000ead00000,0x00000000ec3f9a50,0x00000000ec400000)
  to   space 28160K, 0% used [0x00000000f3480000,0x00000000f3480000,0x00000000f5000000)
 ParOldGen       total 96768K, used 31271K [0x0000000080000000, 0x0000000085e80000, 0x00000000d5580000)
  object space 96768K, 32% used [0x0000000080000000,0x0000000081e89f18,0x0000000085e80000)
 Metaspace       used 72076K, capacity 75676K, committed 75824K, reserved 1114112K
  class space    used 9876K, capacity 10515K, committed 10544K, reserved 1048576K
}
Event: 208.729 GC heap before
{Heap before GC invocations=15 (full 3):
 PSYoungGen      total 375296K, used 375270K [0x00000000d5580000, 0x00000000f5000000, 0x0000000100000000)
  eden space 351744K, 100% used [0x00000000d5580000,0x00000000ead00000,0x00000000ead00000)
  from space 23552K, 99% used [0x00000000ead00000,0x00000000ec3f9a50,0x00000000ec400000)
  to   space 28160K, 0% used [0x00000000f3480000,0x00000000f3480000,0x00000000f5000000)
 ParOldGen       total 96768K, used 31271K [0x0000000080000000, 0x0000000085e80000, 0x00000000d5580000)
  object space 96768K, 32% used [0x0000000080000000,0x0000000081e89f18,0x0000000085e80000)
 Metaspace       used 88962K, capacity 94808K, committed 95024K, reserved 1130496K
  class space    used 12192K, capacity 13243K, committed 13360K, reserved 1048576K
Event: 208.752 GC heap after
Heap after GC invocations=15 (full 3):
 PSYoungGen      total 468480K, used 20679K [0x00000000d5580000, 0x00000000f4900000, 0x0000000100000000)
  eden space 447488K, 0% used [0x00000000d5580000,0x00000000d5580000,0x00000000f0a80000)
  from space 20992K, 98% used [0x00000000f3480000,0x00000000f48b1d50,0x00000000f4900000)
  to   space 29696K, 0% used [0x00000000f0f00000,0x00000000f0f00000,0x00000000f2c00000)
 ParOldGen       total 96768K, used 46780K [0x0000000080000000, 0x0000000085e80000, 0x00000000d5580000)
  object space 96768K, 48% used [0x0000000080000000,0x0000000082daf3a0,0x0000000085e80000)
 Metaspace       used 88962K, capacity 94808K, committed 95024K, reserved 1130496K
  class space    used 12192K, capacity 13243K, committed 13360K, reserved 1048576K
}
Event: 598.492 GC heap before
{Heap before GC invocations=16 (full 3):
 PSYoungGen      total 468480K, used 468167K [0x00000000d5580000, 0x00000000f4900000, 0x0000000100000000)
  eden space 447488K, 100% used [0x00000000d5580000,0x00000000f0a80000,0x00000000f0a80000)
  from space 20992K, 98% used [0x00000000f3480000,0x00000000f48b1d50,0x00000000f4900000)
  to   space 29696K, 0% used [0x00000000f0f00000,0x00000000f0f00000,0x00000000f2c00000)
 ParOldGen       total 96768K, used 46780K [0x0000000080000000, 0x0000000085e80000, 0x00000000d5580000)
  object space 96768K, 48% used [0x0000000080000000,0x0000000082daf3a0,0x0000000085e80000)
 Metaspace       used 90881K, capacity 97052K, committed 97200K, reserved 1132544K
  class space    used 12274K, capacity 13373K, committed 13488K, reserved 1048576K
Event: 598.516 GC heap after
Heap after GC invocations=16 (full 3):
 PSYoungGen      total 481792K, used 19192K [0x00000000d5580000, 0x00000000faa00000, 0x0000000100000000)
  eden space 452096K, 0% used [0x00000000d5580000,0x00000000d5580000,0x00000000f0f00000)
  from space 29696K, 64% used [0x00000000f0f00000,0x00000000f21be130,0x00000000f2c00000)
  to   space 30208K, 0% used [0x00000000f8c80000,0x00000000f8c80000,0x00000000faa00000)
 ParOldGen       total 96768K, used 46788K [0x0000000080000000, 0x0000000085e80000, 0x00000000d5580000)
  object space 96768K, 48% used [0x0000000080000000,0x0000000082db13a0,0x0000000085e80000)
 Metaspace       used 90881K, capacity 97052K, committed 97200K, reserved 1132544K
  class space    used 12274K, capacity 13373K, committed 13488K, reserved 1048576K
}
Event: 860.636 GC heap before
{Heap before GC invocations=17 (full 3):
 PSYoungGen      total 481792K, used 350340K [0x00000000d5580000, 0x00000000faa00000, 0x0000000100000000)
  eden space 452096K, 73% used [0x00000000d5580000,0x00000000e98e3290,0x00000000f0f00000)
  from space 29696K, 64% used [0x00000000f0f00000,0x00000000f21be130,0x00000000f2c00000)
  to   space 30208K, 0% used [0x00000000f8c80000,0x00000000f8c80000,0x00000000faa00000)
 ParOldGen       total 96768K, used 46788K [0x0000000080000000, 0x0000000085e80000, 0x00000000d5580000)
  object space 96768K, 48% used [0x0000000080000000,0x0000000082db13a0,0x0000000085e80000)
 Metaspace       used 91832K, capacity 98492K, committed 98600K, reserved 1134592K
  class space    used 12343K, capacity 13501K, committed 13608K, reserved 1048576K
Event: 860.644 GC heap after
Heap after GC invocations=17 (full 3):
 PSYoungGen      total 555008K, used 8881K [0x00000000d5580000, 0x00000000f9d00000, 0x0000000100000000)
  eden space 538112K, 0% used [0x00000000d5580000,0x00000000d5580000,0x00000000f6300000)
  from space 16896K, 52% used [0x00000000f8c80000,0x00000000f952c678,0x00000000f9d00000)
  to   space 29696K, 0% used [0x00000000f6300000,0x00000000f6300000,0x00000000f8000000)
 ParOldGen       total 96768K, used 46796K [0x0000000080000000, 0x0000000085e80000, 0x00000000d5580000)
  object space 96768K, 48% used [0x0000000080000000,0x0000000082db33a0,0x0000000085e80000)
 Metaspace       used 91832K, capacity 98492K, committed 98600K, reserved 1134592K
  class space    used 12343K, capacity 13501K, committed 13608K, reserved 1048576K
}
Event: 860.644 GC heap before
{Heap before GC invocations=18 (full 4):
 PSYoungGen      total 555008K, used 8881K [0x00000000d5580000, 0x00000000f9d00000, 0x0000000100000000)
  eden space 538112K, 0% used [0x00000000d5580000,0x00000000d5580000,0x00000000f6300000)
  from space 16896K, 52% used [0x00000000f8c80000,0x00000000f952c678,0x00000000f9d00000)
  to   space 29696K, 0% used [0x00000000f6300000,0x00000000f6300000,0x00000000f8000000)
 ParOldGen       total 96768K, used 46796K [0x0000000080000000, 0x0000000085e80000, 0x00000000d5580000)
  object space 96768K, 48% used [0x0000000080000000,0x0000000082db33a0,0x0000000085e80000)
 Metaspace       used 91832K, capacity 98492K, committed 98600K, reserved 1134592K
  class space    used 12343K, capacity 13501K, committed 13608K, reserved 1048576K
Event: 860.918 GC heap after
Heap after GC invocations=18 (full 4):
 PSYoungGen      total 555008K, used 0K [0x00000000d5580000, 0x00000000f9d00000, 0x0000000100000000)
  eden space 538112K, 0% used [0x00000000d5580000,0x00000000d5580000,0x00000000f6300000)
  from space 16896K, 0% used [0x00000000f8c80000,0x00000000f8c80000,0x00000000f9d00000)
  to   space 29696K, 0% used [0x00000000f6300000,0x00000000f6300000,0x00000000f8000000)
 ParOldGen       total 96768K, used 45424K [0x0000000080000000, 0x0000000085e80000, 0x00000000d5580000)
  object space 96768K, 46% used [0x0000000080000000,0x0000000082c5c180,0x0000000085e80000)
 Metaspace       used 90771K, capacity 95526K, committed 98600K, reserved 1134592K
  class space    used 11986K, capacity 12872K, committed 13608K, reserved 1048576K
}

Deoptimization events (10 events):
Event: 863.678 Thread 0x000000001cf47800 Uncommon trap: reason=unstable_if action=reinterpret pc=0x000000000519cdac method=org.gradle.internal.operations.DefaultBuildOperationExecutor$3.stop()V @ 61
Event: 863.680 Thread 0x000000001cf47800 Uncommon trap: reason=unstable_if action=reinterpret pc=0x0000000004ff90d0 method=org.gradle.internal.serialize.ExceptionReplacingObjectOutputStream.doReplaceObject(Ljava/lang/Object;)Ljava/lang/Object; @ 4
Event: 863.701 Thread 0x000000001cf47800 Uncommon trap: reason=class_check action=maybe_recompile pc=0x0000000002d6bea0 method=java.lang.String.equals(Ljava/lang/Object;)Z @ 8
Event: 863.701 Thread 0x000000001cf47800 Uncommon trap: reason=class_check action=maybe_recompile pc=0x0000000002d6bea0 method=java.lang.String.equals(Ljava/lang/Object;)Z @ 8
Event: 863.701 Thread 0x000000001cf47800 Uncommon trap: reason=class_check action=maybe_recompile pc=0x0000000002d6bea0 method=java.lang.String.equals(Ljava/lang/Object;)Z @ 8
Event: 863.701 Thread 0x000000001cf47800 Uncommon trap: reason=class_check action=maybe_recompile pc=0x0000000002d6bea0 method=java.lang.String.equals(Ljava/lang/Object;)Z @ 8
Event: 873.806 Thread 0x000000001ba62000 Uncommon trap: reason=class_check action=maybe_recompile pc=0x0000000005abd4dc method=org.gradle.internal.component.model.ImmutableModuleSources.getSource(Ljava/lang/Class;)Ljava/util/Optional; @ 32
Event: 873.806 Thread 0x000000001ba5a000 Uncommon trap: reason=class_check action=maybe_recompile pc=0x0000000005abd4dc method=org.gradle.internal.component.model.ImmutableModuleSources.getSource(Ljava/lang/Class;)Ljava/util/Optional; @ 32
Event: 873.806 Thread 0x000000001ba5f000 Uncommon trap: reason=class_check action=maybe_recompile pc=0x0000000005abd4dc method=org.gradle.internal.component.model.ImmutableModuleSources.getSource(Ljava/lang/Class;)Ljava/util/Optional; @ 32
Event: 873.806 Thread 0x000000001ba5b800 Uncommon trap: reason=class_check action=maybe_recompile pc=0x0000000005abd4dc method=org.gradle.internal.component.model.ImmutableModuleSources.getSource(Ljava/lang/Class;)Ljava/util/Optional; @ 32

Classes redefined (0 events):
No events

Internal exceptions (10 events):
Event: 861.106 Thread 0x000000001ba5f000 Exception <a 'sun/nio/fs/WindowsException'> (0x00000000d8a2eb50) thrown at [C:\src\AOSP-openjdk-git\hotspot\src\share\vm\prims\jni.cpp, line 710]
Event: 861.106 Thread 0x000000001ba5f000 Exception <a 'sun/nio/fs/WindowsException'> (0x00000000d8a2f7c8) thrown at [C:\src\AOSP-openjdk-git\hotspot\src\share\vm\prims\jni.cpp, line 710]
Event: 861.106 Thread 0x000000001ba5f000 Exception <a 'sun/nio/fs/WindowsException'> (0x00000000d8a304c8) thrown at [C:\src\AOSP-openjdk-git\hotspot\src\share\vm\prims\jni.cpp, line 710]
Event: 863.328 Thread 0x0000000021bc6800 Exception <a 'sun/nio/fs/WindowsException'> (0x00000000da92f048) thrown at [C:\src\AOSP-openjdk-git\hotspot\src\share\vm\prims\jni.cpp, line 710]
Event: 863.343 Thread 0x0000000021bc6800 Exception <a 'sun/nio/fs/WindowsException'> (0x00000000dab3f080) thrown at [C:\src\AOSP-openjdk-git\hotspot\src\share\vm\prims\jni.cpp, line 710]
Event: 863.344 Thread 0x0000000021bc6800 Exception <a 'sun/nio/fs/WindowsException'> (0x00000000dab85590) thrown at [C:\src\AOSP-openjdk-git\hotspot\src\share\vm\prims\jni.cpp, line 710]
Event: 863.491 Thread 0x0000000021bcf800 Exception <a 'java/lang/OutOfMemoryError'> (0x00000000daa64010) thrown at [C:\src\AOSP-openjdk-git\hotspot\src\share\vm\prims\unsafe.cpp, line 618]
Event: 863.626 Thread 0x000000001cf46800 Exception <a 'java/lang/NoSuchMethodError': <clinit>> (0x00000000da22b3f8) thrown at [C:\src\AOSP-openjdk-git\hotspot\src\share\vm\prims\jni.cpp, line 1615]
Event: 863.633 Thread 0x000000001cf46800 Exception <a 'java/lang/NoSuchMethodError': <clinit>> (0x00000000db7a57a8) thrown at [C:\src\AOSP-openjdk-git\hotspot\src\share\vm\prims\jni.cpp, line 1615]
Event: 863.670 Thread 0x000000001cf47800 Exception <a 'sun/nio/fs/WindowsException'> (0x00000000db7dafc0) thrown at [C:\src\AOSP-openjdk-git\hotspot\src\share\vm\prims\jni.cpp, line 710]

Events (10 events):
Event: 873.806 Thread 0x000000001ba5a000 DEOPT PACKING pc=0x0000000005abd4dc sp=0x000000002434e570
Event: 873.806 Thread 0x000000001ba5a000 DEOPT UNPACKING pc=0x0000000002c4557b sp=0x000000002434e4a8 mode 2
Event: 873.806 Thread 0x000000001ba5f000 Uncommon trap: trap_request=0xffffffde fr.pc=0x0000000005abd4dc
Event: 873.806 Thread 0x000000001ba5f000 DEOPT PACKING pc=0x0000000005abd4dc sp=0x00000000255fe4c0
Event: 873.806 Thread 0x000000001ba5f000 DEOPT UNPACKING pc=0x0000000002c4557b sp=0x00000000255fe3f8 mode 2
Event: 873.806 Thread 0x000000001ba5b800 Uncommon trap: trap_request=0xffffffde fr.pc=0x0000000005abd4dc
Event: 873.806 Thread 0x000000001ba5b800 DEOPT PACKING pc=0x0000000005abd4dc sp=0x000000002444e340
Event: 873.806 Thread 0x000000001ba5b800 DEOPT UNPACKING pc=0x0000000002c4557b sp=0x000000002444e278 mode 2
Event: 873.829 Thread 0x000000001ba5d000 Thread added: 0x000000001ba5d000
Event: 873.853 Thread 0x000000001ba63000 Thread added: 0x000000001ba63000


Dynamic libraries:
0x00007ff733650000 - 0x00007ff733681000 	C:\Program Files\Android\Android Studio\jre\bin\java.exe
0x00007ffa19160000 - 0x00007ffa19350000 	C:\WINDOWS\SYSTEM32\ntdll.dll
0x00007ffa18050000 - 0x00007ffa18102000 	C:\WINDOWS\System32\KERNEL32.DLL
0x00007ffa164b0000 - 0x00007ffa16754000 	C:\WINDOWS\System32\KERNELBASE.dll
0x00007ffa175b0000 - 0x00007ffa17653000 	C:\WINDOWS\System32\ADVAPI32.dll
0x00007ffa17b70000 - 0x00007ffa17c0e000 	C:\WINDOWS\System32\msvcrt.dll
0x00007ffa17c30000 - 0x00007ffa17cc7000 	C:\WINDOWS\System32\sechost.dll
0x00007ffa19000000 - 0x00007ffa19120000 	C:\WINDOWS\System32\RPCRT4.dll
0x00007ffa17e30000 - 0x00007ffa17fc5000 	C:\WINDOWS\System32\USER32.dll
0x00007ffa16330000 - 0x00007ffa16351000 	C:\WINDOWS\System32\win32u.dll
0x00007ffa17800000 - 0x00007ffa17826000 	C:\WINDOWS\System32\GDI32.dll
0x00007ffa16fa0000 - 0x00007ffa17136000 	C:\WINDOWS\System32\gdi32full.dll
0x00007ffa16140000 - 0x00007ffa161de000 	C:\WINDOWS\System32\msvcp_win.dll
0x00007ffa17170000 - 0x00007ffa1726a000 	C:\WINDOWS\System32\ucrtbase.dll
0x00007ffa0c120000 - 0x00007ffa0c3a4000 	C:\WINDOWS\WinSxS\amd64_microsoft.windows.common-controls_6595b64144ccf1df_6.0.18362.1016_none_9e7a36bbe461dae4\COMCTL32.dll
0x00007ffa17270000 - 0x00007ffa175a5000 	C:\WINDOWS\System32\combase.dll
0x00007ffa16380000 - 0x00007ffa16400000 	C:\WINDOWS\System32\bcryptPrimitives.dll
0x00007ffa18c80000 - 0x00007ffa18cae000 	C:\WINDOWS\System32\IMM32.DLL
0x000000006f020000 - 0x000000006f0f2000 	C:\Program Files\Android\Android Studio\jre\jre\bin\msvcr100.dll
0x000000006f100000 - 0x000000006f94b000 	C:\Program Files\Android\Android Studio\jre\jre\bin\server\jvm.dll
0x00007ffa18580000 - 0x00007ffa18588000 	C:\WINDOWS\System32\PSAPI.DLL
0x00007ffa10e40000 - 0x00007ffa10e4a000 	C:\WINDOWS\SYSTEM32\VERSION.dll
0x00007ffa13010000 - 0x00007ffa13034000 	C:\WINDOWS\SYSTEM32\WINMM.dll
0x00007ffa0f600000 - 0x00007ffa0f609000 	C:\WINDOWS\SYSTEM32\WSOCK32.dll
0x00007ffa17790000 - 0x00007ffa177ff000 	C:\WINDOWS\System32\WS2_32.dll
0x00007ffa12fe0000 - 0x00007ffa1300d000 	C:\WINDOWS\SYSTEM32\WINMMBASE.dll
0x00007ffa16f50000 - 0x00007ffa16f9a000 	C:\WINDOWS\System32\cfgmgr32.dll
0x00007ffa0eac0000 - 0x00007ffa0eacf000 	C:\Program Files\Android\Android Studio\jre\jre\bin\verify.dll
0x00007ffa0c700000 - 0x00007ffa0c729000 	C:\Program Files\Android\Android Studio\jre\jre\bin\java.dll
0x00007ffa0c6e0000 - 0x00007ffa0c6f6000 	C:\Program Files\Android\Android Studio\jre\jre\bin\zip.dll
0x00007ffa18590000 - 0x00007ffa18c77000 	C:\WINDOWS\System32\SHELL32.dll
0x00007ffa18cb0000 - 0x00007ffa18d59000 	C:\WINDOWS\System32\shcore.dll
0x00007ffa167c0000 - 0x00007ffa16f42000 	C:\WINDOWS\System32\windows.storage.dll
0x00007ffa16110000 - 0x00007ffa16133000 	C:\WINDOWS\System32\profapi.dll
0x00007ffa160a0000 - 0x00007ffa160ea000 	C:\WINDOWS\System32\powrprof.dll
0x00007ffa16070000 - 0x00007ffa16080000 	C:\WINDOWS\System32\UMPDC.dll
0x00007ffa17960000 - 0x00007ffa179b2000 	C:\WINDOWS\System32\shlwapi.dll
0x00007ffa160f0000 - 0x00007ffa16101000 	C:\WINDOWS\System32\kernel.appcore.dll
0x00007ffa16360000 - 0x00007ffa16377000 	C:\WINDOWS\System32\cryptsp.dll
0x00007ffa0c6c0000 - 0x00007ffa0c6da000 	C:\Program Files\Android\Android Studio\jre\jre\bin\net.dll
0x00007ffa15870000 - 0x00007ffa158d7000 	C:\WINDOWS\system32\mswsock.dll
0x00007ffa0bf80000 - 0x00007ffa0bf93000 	C:\Program Files\Android\Android Studio\jre\jre\bin\nio.dll
0x00007ffa059a0000 - 0x00007ffa059c6000 	C:\Users\Administrator\.gradle\native\31\windows-amd64\native-platform.dll
0x00007ffa0d370000 - 0x00007ffa0d37d000 	C:\Program Files\Android\Android Studio\jre\jre\bin\management.dll
0x00007ffa153e0000 - 0x00007ffa15413000 	C:\WINDOWS\system32\rsaenh.dll
0x00007ffa17140000 - 0x00007ffa17166000 	C:\WINDOWS\System32\bcrypt.dll
0x00007ffa15f60000 - 0x00007ffa15f85000 	C:\WINDOWS\SYSTEM32\USERENV.dll
0x00007ffa15a40000 - 0x00007ffa15a4c000 	C:\WINDOWS\SYSTEM32\CRYPTBASE.dll
0x00007ffa15580000 - 0x00007ffa155ba000 	C:\WINDOWS\SYSTEM32\IPHLPAPI.DLL
0x00007ffa17710000 - 0x00007ffa17718000 	C:\WINDOWS\System32\NSI.dll
0x00007ffa0fbb0000 - 0x00007ffa0fbc6000 	C:\WINDOWS\SYSTEM32\dhcpcsvc6.DLL
0x00007ffa0fac0000 - 0x00007ffa0fadc000 	C:\WINDOWS\SYSTEM32\dhcpcsvc.DLL
0x00007ffa155c0000 - 0x00007ffa1568b000 	C:\WINDOWS\SYSTEM32\DNSAPI.dll

VM Arguments:
jvm_args: -Xmx2048m -Dfile.encoding=windows-1252 -Duser.country=US -Duser.language=en -Duser.variant 
java_command: org.gradle.launcher.daemon.bootstrap.GradleDaemon 6.1.1
java_class_path (initial): C:\Users\Administrator\.gradle\wrapper\dists\gradle-6.1.1-all\cfmwm155h49vnt3hynmlrsdst\gradle-6.1.1\lib\gradle-launcher-6.1.1.jar
Launcher Type: SUN_STANDARD

Environment Variables:
JAVA_HOME=C:\Program Files\Java\jdk1.8.0_144
JRE_HOME=C:\Program Files\Java\jre1.8.0_144
PATH=C:\ProgramData\Oracle\Java\javapath;C:\WINDOWS\system32;C:\WINDOWS;C:\WINDOWS\System32\Wbem;C:\WINDOWS\System32\WindowsPowerShell\v1.0\;C:\WINDOWS\System32\OpenSSH\;C:\Program Files\Git\cmd;C:\Users\Administrator\AppData\Local\Microsoft\WindowsApps;
USERNAME=Administrator
OS=Windows_NT
PROCESSOR_IDENTIFIER=Intel64 Family 6 Model 142 Stepping 12, GenuineIntel



---------------  S Y S T E M  ---------------

OS: Windows 10.0 , 64 bit Build 18362 (10.0.18362.959)

CPU:total 8 (initial active 8) (4 cores per cpu, 2 threads per core) family 6 model 142 stepping 12, cmov, cx8, fxsr, mmx, sse, sse2, sse3, ssse3, sse4.1, sse4.2, popcnt, avx, avx2, aes, clmul, erms, 3dnowpref, lzcnt, ht, tsc, tscinvbit, bmi1, bmi2, adx

Memory: 4k page, physical 8272132k(1142352k free), swap 10222852k(3216k free)

vm_info: OpenJDK 64-Bit Server VM (25.242-b01) for windows-amd64 JRE (1.8.0_242-release-1644-b01), built by "builder" with MS VC++ 10.0 (VS2010)

time: Wed Sep 09 00:06:41 2020
timezone: E. Africa Standard Time
elapsed time: 873 seconds (0d 0h 14m 33s)

