#
# There is insufficient memory for the Java Runtime Environment to continue.
# Native memory allocation (malloc) failed to allocate 32744 bytes for ChunkPool::allocate
# Possible reasons:
#   The system is out of physical RAM or swap space
#   The process is running with CompressedOops enabled, and the Java Heap may be blocking the growth of the native heap
# Possible solutions:
#   Reduce memory load on the system
#   Increase physical memory or swap space
#   Check if swap backing store is full
#   Decrease Java heap size (-Xmx/-Xms)
#   Decrease number of Java threads
#   Decrease Java thread stack sizes (-Xss)
#   Set larger code cache with -XX:ReservedCodeCacheSize=
#   JVM is running with Unscaled Compressed Oops mode in which the Java heap is
#     placed in the first 4GB address space. The Java Heap base address is the
#     maximum limit for the native heap growth. Please use -XX:HeapBaseMinAddress
#     to set the Java Heap base and to place the Java Heap above 4GB virtual address.
# This output file may be truncated or incomplete.
#
#  Out of Memory Error (allocation.cpp:272), pid=10508, tid=0x0000000000000d1c
#
# JRE version: OpenJDK Runtime Environment (8.0_242-b01) (build 1.8.0_242-release-1644-b01)
# Java VM: OpenJDK 64-Bit Server VM (25.242-b01 mixed mode windows-amd64 compressed oops)
# Failed to write core dump. Minidumps are not enabled by default on client versions of Windows
#

---------------  T H R E A D  ---------------

Current thread (0x0000000019382000):  JavaThread "C2 CompilerThread0" daemon [_thread_in_native, id=3356, stack(0x0000000019c50000,0x0000000019d50000)]

Stack: [0x0000000019c50000,0x0000000019d50000]
[error occurred during error reporting (printing stack bounds), id 0xc0000005]

Native frames: (J=compiled Java code, j=interpreted, Vv=VM code, C=native code)


Current CompileTask:
C2:3018287 21203       4       org.gradle.cache.internal.DefaultFileLockManager$DefaultFileLock::writeFile (10 bytes)


---------------  P R O C E S S  ---------------

Java Threads: ( => current thread )
  0x000000001c320800 JavaThread "Cache worker for file content cache (F:\PROJECT\Mobile\Map\.gradle\6.1.1\fileContent)" [_thread_blocked, id=3780, stack(0x0000000027810000,0x0000000027910000)]
  0x000000001c322000 JavaThread "Cache worker for Build Output Cleanup Cache (F:\PROJECT\Mobile\Map\.gradle\buildOutputCleanup)" [_thread_blocked, id=9616, stack(0x0000000027410000,0x0000000027510000)]
  0x000000001c325800 JavaThread "Build operations Thread 8" [_thread_blocked, id=11624, stack(0x00000000248a0000,0x00000000249a0000)]
  0x000000001c31f800 JavaThread "Build operations Thread 7" [_thread_blocked, id=6136, stack(0x00000000243a0000,0x00000000244a0000)]
  0x000000001f0fe000 JavaThread "Build operations Thread 6" [_thread_blocked, id=88, stack(0x00000000242a0000,0x00000000243a0000)]
  0x000000001f0fd000 JavaThread "Build operations Thread 5" [_thread_blocked, id=12764, stack(0x00000000241a0000,0x00000000242a0000)]
  0x000000001f0fb800 JavaThread "Build operations Thread 4" [_thread_blocked, id=2952, stack(0x00000000240a0000,0x00000000241a0000)]
  0x000000001f0fc800 JavaThread "Build operations Thread 3" [_thread_blocked, id=5548, stack(0x0000000023fa0000,0x00000000240a0000)]
  0x000000001f0f4000 JavaThread "Build operations Thread 2" [_thread_blocked, id=3828, stack(0x0000000023ea0000,0x0000000023fa0000)]
  0x000000001f0fb000 JavaThread "Build operations" [_thread_blocked, id=11948, stack(0x0000000023b00000,0x0000000023c00000)]
  0x000000001f0fa000 JavaThread "Cache worker for cache directory md-rule (C:\Users\Administrator\.gradle\caches\6.1.1\md-rule)" [_thread_blocked, id=8228, stack(0x0000000023a00000,0x0000000023b00000)]
  0x000000001f0f2800 JavaThread "Cache worker for cache directory md-supplier (C:\Users\Administrator\.gradle\caches\6.1.1\md-supplier)" [_thread_blocked, id=3620, stack(0x0000000020b20000,0x0000000020c20000)]
  0x000000001f0f9800 JavaThread "Cache worker for file hash cache (F:\PROJECT\Mobile\Map\.gradle\6.1.1\fileHashes)" [_thread_blocked, id=11104, stack(0x0000000020a20000,0x0000000020b20000)]
  0x000000001f0f2000 JavaThread "Cache worker for checksums cache (F:\PROJECT\Mobile\Map\.gradle\checksums)" [_thread_blocked, id=10068, stack(0x0000000020620000,0x0000000020720000)]
  0x000000001f0f1000 JavaThread "Thread-337" [_thread_blocked, id=12564, stack(0x0000000020520000,0x0000000020620000)]
  0x000000001f0f3800 JavaThread "Stdin handler" [_thread_blocked, id=5556, stack(0x000000001db80000,0x000000001dc80000)]
  0x000000001f0f8000 JavaThread "Asynchronous log dispatcher for DefaultDaemonConnection: socket connection from /127.0.0.1:49168 to /127.0.0.1:50861" [_thread_blocked, id=7012, stack(0x000000001d880000,0x000000001d980000)]
  0x000000001f0f7000 JavaThread "Cancel handler" [_thread_blocked, id=6688, stack(0x000000001d480000,0x000000001d580000)]
  0x000000001f0f6800 JavaThread "Handler for socket connection from /127.0.0.1:49168 to /127.0.0.1:50861" [_thread_in_native, id=11212, stack(0x000000001d380000,0x000000001d480000)]
  0x000000001c550800 JavaThread "Daemon worker Thread 6" [_thread_in_Java, id=3628, stack(0x000000001d780000,0x000000001d880000)]
  0x000000001c554800 JavaThread "Daemon Thread 6" [_thread_blocked, id=3748, stack(0x0000000000860000,0x0000000000960000)]
  0x000000001c321000 JavaThread "Cache worker for Java compile cache (C:\Users\Administrator\.gradle\caches\6.1.1\javaCompile)" [_thread_blocked, id=8252, stack(0x0000000029ee0000,0x0000000029fe0000)]
  0x000000001f0f8800 JavaThread "Cache worker for file content cache (C:\Users\Administrator\.gradle\caches\6.1.1\fileContent)" [_thread_blocked, id=12872, stack(0x0000000027710000,0x0000000027810000)]
  0x000000001f0f5000 JavaThread "Memory manager" [_thread_blocked, id=10632, stack(0x0000000025850000,0x0000000025950000)]
  0x000000001c2a0800 JavaThread "Cache worker for execution history cache (C:\Users\Administrator\.gradle\caches\6.1.1\executionHistory)" [_thread_blocked, id=9296, stack(0x0000000020720000,0x0000000020820000)]
  0x000000001c2a0000 JavaThread "Cache worker for file hash cache (C:\Users\Administrator\.gradle\caches\6.1.1\fileHashes)" [_thread_blocked, id=10356, stack(0x000000001e080000,0x000000001e180000)]
  0x000000001c29c000 JavaThread "File lock request listener" [_thread_in_native, id=9480, stack(0x000000001df80000,0x000000001e080000)]
  0x000000001c23a000 JavaThread "Cache worker for journal cache (C:\Users\Administrator\.gradle\caches\journal-1)" [_thread_blocked, id=5340, stack(0x000000001de80000,0x000000001df80000)]
  0x000000001c133800 JavaThread "Daemon periodic checks" [_thread_blocked, id=1652, stack(0x000000001d280000,0x000000001d380000)]
  0x000000001c13e000 JavaThread "Incoming local TCP Connector on port 49168" [_thread_in_native, id=4564, stack(0x000000001d040000,0x000000001d140000)]
  0x000000001a389000 JavaThread "Daemon health stats" [_thread_blocked, id=9832, stack(0x000000001ba20000,0x000000001bb20000)]
  0x0000000019419000 JavaThread "Service Thread" daemon [_thread_blocked, id=9808, stack(0x000000001a050000,0x000000001a150000)]
  0x0000000019394000 JavaThread "C1 CompilerThread3" daemon [_thread_in_native, id=6672, stack(0x0000000019f50000,0x000000001a050000)]
  0x0000000019390000 JavaThread "C2 CompilerThread2" daemon [_thread_in_native, id=5448, stack(0x0000000019e50000,0x0000000019f50000)]
  0x0000000019386800 JavaThread "C2 CompilerThread1" daemon [_thread_in_native, id=11512, stack(0x0000000019d50000,0x0000000019e50000)]
=>0x0000000019382000 JavaThread "C2 CompilerThread0" daemon [_thread_in_native, id=3356, stack(0x0000000019c50000,0x0000000019d50000)]
  0x0000000019380800 JavaThread "Attach Listener" daemon [_thread_blocked, id=3760, stack(0x0000000019b50000,0x0000000019c50000)]
  0x000000000251e800 JavaThread "Signal Dispatcher" daemon [_thread_blocked, id=8784, stack(0x0000000019a50000,0x0000000019b50000)]
  0x0000000017592000 JavaThread "Finalizer" daemon [_thread_blocked, id=1248, stack(0x0000000019850000,0x0000000019950000)]
  0x0000000002517800 JavaThread "Reference Handler" daemon [_thread_blocked, id=8964, stack(0x0000000019750000,0x0000000019850000)]
  0x000000000241e000 JavaThread "main" [_thread_blocked, id=12948, stack(0x0000000002230000,0x0000000002330000)]

Other Threads:
  0x0000000017586000 VMThread [stack: 0x0000000019250000,0x0000000019350000] [id=1332]
  0x000000001941a000 WatcherThread [stack: 0x000000001a150000,0x000000001a250000] [id=9860]

VM state:not at safepoint (normal execution)

VM Mutex/Monitor currently owned by a thread: None

heap address: 0x0000000080000000, size: 2048 MB, Compressed Oops mode: 32-bit
Narrow klass base: 0x0000000000000000, Narrow klass shift: 3
Compressed class space size: 1073741824 Address: 0x0000000100000000

Heap:
 PSYoungGen      total 197120K, used 150595K [0x00000000d5580000, 0x00000000e6200000, 0x0000000100000000)
  eden space 165376K, 71% used [0x00000000d5580000,0x00000000dc996618,0x00000000df700000)
  from space 31744K, 99% used [0x00000000e2100000,0x00000000e3ffa8c8,0x00000000e4000000)
  to   space 43008K, 0% used [0x00000000df700000,0x00000000df700000,0x00000000e2100000)
 ParOldGen       total 242688K, used 96998K [0x0000000080000000, 0x000000008ed00000, 0x00000000d5580000)
  object space 242688K, 39% used [0x0000000080000000,0x0000000085eb9a00,0x000000008ed00000)
 Metaspace       used 106195K, capacity 113128K, committed 113408K, reserved 1146880K
  class space    used 13941K, capacity 15210K, committed 15360K, reserved 1048576K

Card table byte_map: [0x00000000118e0000,0x0000000011cf0000] byte_map_base: 0x00000000114e0000

Marking Bits: (ParMarkBitMap*) 0x000000006f8cf030
 Begin Bits: [0x00000000127a0000, 0x00000000147a0000)
 End Bits:   [0x00000000147a0000, 0x00000000167a0000)

Polling page: 0x0000000000530000

CodeCache: size=245760Kb used=56888Kb max_used=57347Kb free=188871Kb
 bounds [0x0000000002520000, 0x0000000005dc0000, 0x0000000011520000]
 total_blobs=17728 nmethods=16805 adapters=835
 compilation: enabled

Compilation events (10 events):
Event: 3018.269 Thread 0x0000000019394000 nmethod 21225 0x0000000003b17050 code [0x0000000003b17280, 0x0000000003b17f38]
Event: 3018.269 Thread 0x0000000019394000 21226       3       com.android.build.gradle.internal.dsl.BuildType_Decorated::getName (40 bytes)
Event: 3018.270 Thread 0x0000000019394000 nmethod 21226 0x00000000047df190 code [0x00000000047df360, 0x00000000047dfa68]
Event: 3018.270 Thread 0x0000000019394000 21227       3       org.codehaus.groovy.runtime.metaclass.ClosureMetaClass::lookupObjectMetaClass (53 bytes)
Event: 3018.271 Thread 0x0000000019394000 nmethod 21227 0x00000000056fed90 code [0x00000000056ff040, 0x00000000057007e8]
Event: 3018.271 Thread 0x0000000019394000 21229       3       org.codehaus.groovy.runtime.metaclass.ClosureMetaClass::getDelegateMethod (181 bytes)
Event: 3018.271 Thread 0x0000000019394000 nmethod 21229 0x00000000042f10d0 code [0x00000000042f1340, 0x00000000042f2598]
Event: 3018.271 Thread 0x0000000019394000 21228   !   3       org.gradle.internal.metaobject.ConfigureDelegate::invokeMethod (170 bytes)
Event: 3018.272 Thread 0x0000000019394000 nmethod 21228 0x0000000004d335d0 code [0x0000000004d33880, 0x0000000004d34a08]
Event: 3018.272 Thread 0x0000000019394000 21230   !   3       org.codehaus.groovy.runtime.metaclass.ClosureMetaClass::invokeOnDelegationObjects (158 bytes)

GC Heap History (10 events):
Event: 2343.905 GC heap before
{Heap before GC invocations=28 (full 4):
 PSYoungGen      total 200704K, used 185998K [0x00000000d5580000, 0x00000000e4480000, 0x0000000100000000)
  eden space 164864K, 100% used [0x00000000d5580000,0x00000000df680000,0x00000000df680000)
  from space 35840K, 58% used [0x00000000df680000,0x00000000e0b239d8,0x00000000e1980000)
  to   space 35840K, 0% used [0x00000000e2180000,0x00000000e2180000,0x00000000e4480000)
 ParOldGen       total 242688K, used 79565K [0x0000000080000000, 0x000000008ed00000, 0x00000000d5580000)
  object space 242688K, 32% used [0x0000000080000000,0x0000000084db3508,0x000000008ed00000)
 Metaspace       used 104568K, capacity 110566K, committed 110720K, reserved 1144832K
  class space    used 13783K, capacity 14893K, committed 14976K, reserved 1048576K
Event: 2343.913 GC heap after
Heap after GC invocations=28 (full 4):
 PSYoungGen      total 203776K, used 10239K [0x00000000d5580000, 0x00000000e4180000, 0x0000000100000000)
  eden space 171008K, 0% used [0x00000000d5580000,0x00000000d5580000,0x00000000dfc80000)
  from space 32768K, 31% used [0x00000000e2180000,0x00000000e2b7fce8,0x00000000e4180000)
  to   space 35328K, 0% used [0x00000000dfc80000,0x00000000dfc80000,0x00000000e1f00000)
 ParOldGen       total 242688K, used 79573K [0x0000000080000000, 0x000000008ed00000, 0x00000000d5580000)
  object space 242688K, 32% used [0x0000000080000000,0x0000000084db5508,0x000000008ed00000)
 Metaspace       used 104568K, capacity 110566K, committed 110720K, reserved 1144832K
  class space    used 13783K, capacity 14893K, committed 14976K, reserved 1048576K
}
Event: 2574.986 GC heap before
{Heap before GC invocations=29 (full 4):
 PSYoungGen      total 203776K, used 181247K [0x00000000d5580000, 0x00000000e4180000, 0x0000000100000000)
  eden space 171008K, 100% used [0x00000000d5580000,0x00000000dfc80000,0x00000000dfc80000)
  from space 32768K, 31% used [0x00000000e2180000,0x00000000e2b7fce8,0x00000000e4180000)
  to   space 35328K, 0% used [0x00000000dfc80000,0x00000000dfc80000,0x00000000e1f00000)
 ParOldGen       total 242688K, used 79573K [0x0000000080000000, 0x000000008ed00000, 0x00000000d5580000)
  object space 242688K, 32% used [0x0000000080000000,0x0000000084db5508,0x000000008ed00000)
 Metaspace       used 104838K, capacity 110780K, committed 110976K, reserved 1144832K
  class space    used 13794K, capacity 14914K, committed 14976K, reserved 1048576K
Event: 2575.000 GC heap after
Heap after GC invocations=29 (full 4):
 PSYoungGen      total 206336K, used 15208K [0x00000000d5580000, 0x00000000e4180000, 0x0000000100000000)
  eden space 171008K, 0% used [0x00000000d5580000,0x00000000d5580000,0x00000000dfc80000)
  from space 35328K, 43% used [0x00000000dfc80000,0x00000000e0b5a090,0x00000000e1f00000)
  to   space 33280K, 0% used [0x00000000e2100000,0x00000000e2100000,0x00000000e4180000)
 ParOldGen       total 242688K, used 79581K [0x0000000080000000, 0x000000008ed00000, 0x00000000d5580000)
  object space 242688K, 32% used [0x0000000080000000,0x0000000084db7508,0x000000008ed00000)
 Metaspace       used 104838K, capacity 110780K, committed 110976K, reserved 1144832K
  class space    used 13794K, capacity 14914K, committed 14976K, reserved 1048576K
}
Event: 2599.242 GC heap before
{Heap before GC invocations=30 (full 4):
 PSYoungGen      total 206336K, used 186216K [0x00000000d5580000, 0x00000000e4180000, 0x0000000100000000)
  eden space 171008K, 100% used [0x00000000d5580000,0x00000000dfc80000,0x00000000dfc80000)
  from space 35328K, 43% used [0x00000000dfc80000,0x00000000e0b5a090,0x00000000e1f00000)
  to   space 33280K, 0% used [0x00000000e2100000,0x00000000e2100000,0x00000000e4180000)
 ParOldGen       total 242688K, used 79581K [0x0000000080000000, 0x000000008ed00000, 0x00000000d5580000)
  object space 242688K, 32% used [0x0000000080000000,0x0000000084db7508,0x000000008ed00000)
 Metaspace       used 105231K, capacity 111432K, committed 111616K, reserved 1146880K
  class space    used 13835K, capacity 14990K, committed 15104K, reserved 1048576K
Event: 2599.249 GC heap after
Heap after GC invocations=30 (full 4):
 PSYoungGen      total 206336K, used 8696K [0x00000000d5580000, 0x00000000e4080000, 0x0000000100000000)
  eden space 174080K, 0% used [0x00000000d5580000,0x00000000d5580000,0x00000000dff80000)
  from space 32256K, 26% used [0x00000000e2100000,0x00000000e297e100,0x00000000e4080000)
  to   space 33280K, 0% used [0x00000000dff80000,0x00000000dff80000,0x00000000e2000000)
 ParOldGen       total 242688K, used 79589K [0x0000000080000000, 0x000000008ed00000, 0x00000000d5580000)
  object space 242688K, 32% used [0x0000000080000000,0x0000000084db9508,0x000000008ed00000)
 Metaspace       used 105231K, capacity 111432K, committed 111616K, reserved 1146880K
  class space    used 13835K, capacity 14990K, committed 15104K, reserved 1048576K
}
Event: 2947.140 GC heap before
{Heap before GC invocations=31 (full 4):
 PSYoungGen      total 206336K, used 182776K [0x00000000d5580000, 0x00000000e4080000, 0x0000000100000000)
  eden space 174080K, 100% used [0x00000000d5580000,0x00000000dff80000,0x00000000dff80000)
  from space 32256K, 26% used [0x00000000e2100000,0x00000000e297e100,0x00000000e4080000)
  to   space 33280K, 0% used [0x00000000dff80000,0x00000000dff80000,0x00000000e2000000)
 ParOldGen       total 242688K, used 79589K [0x0000000080000000, 0x000000008ed00000, 0x00000000d5580000)
  object space 242688K, 32% used [0x0000000080000000,0x0000000084db9508,0x000000008ed00000)
 Metaspace       used 105777K, capacity 112588K, committed 112768K, reserved 1146880K
  class space    used 13915K, capacity 15166K, committed 15232K, reserved 1048576K
Event: 2947.148 GC heap after
Heap after GC invocations=31 (full 4):
 PSYoungGen      total 207360K, used 11827K [0x00000000d5580000, 0x00000000e4000000, 0x0000000100000000)
  eden space 174080K, 0% used [0x00000000d5580000,0x00000000d5580000,0x00000000dff80000)
  from space 33280K, 35% used [0x00000000dff80000,0x00000000e0b0cfc8,0x00000000e2000000)
  to   space 31744K, 0% used [0x00000000e2100000,0x00000000e2100000,0x00000000e4000000)
 ParOldGen       total 242688K, used 79597K [0x0000000080000000, 0x000000008ed00000, 0x00000000d5580000)
  object space 242688K, 32% used [0x0000000080000000,0x0000000084dbb508,0x000000008ed00000)
 Metaspace       used 105777K, capacity 112588K, committed 112768K, reserved 1146880K
  class space    used 13915K, capacity 15166K, committed 15232K, reserved 1048576K
}
Event: 2947.680 GC heap before
{Heap before GC invocations=32 (full 4):
 PSYoungGen      total 207360K, used 185907K [0x00000000d5580000, 0x00000000e4000000, 0x0000000100000000)
  eden space 174080K, 100% used [0x00000000d5580000,0x00000000dff80000,0x00000000dff80000)
  from space 33280K, 35% used [0x00000000dff80000,0x00000000e0b0cfc8,0x00000000e2000000)
  to   space 31744K, 0% used [0x00000000e2100000,0x00000000e2100000,0x00000000e4000000)
 ParOldGen       total 242688K, used 79597K [0x0000000080000000, 0x000000008ed00000, 0x00000000d5580000)
  object space 242688K, 32% used [0x0000000080000000,0x0000000084dbb508,0x000000008ed00000)
 Metaspace       used 105985K, capacity 112934K, committed 113024K, reserved 1146880K
  class space    used 13927K, capacity 15189K, committed 15232K, reserved 1048576K
Event: 2947.711 GC heap after
Heap after GC invocations=32 (full 4):
 PSYoungGen      total 197120K, used 31722K [0x00000000d5580000, 0x00000000e6200000, 0x0000000100000000)
  eden space 165376K, 0% used [0x00000000d5580000,0x00000000d5580000,0x00000000df700000)
  from space 31744K, 99% used [0x00000000e2100000,0x00000000e3ffa8c8,0x00000000e4000000)
  to   space 43008K, 0% used [0x00000000df700000,0x00000000df700000,0x00000000e2100000)
 ParOldGen       total 242688K, used 96998K [0x0000000080000000, 0x000000008ed00000, 0x00000000d5580000)
  object space 242688K, 39% used [0x0000000080000000,0x0000000085eb9a00,0x000000008ed00000)
 Metaspace       used 105985K, capacity 112934K, committed 113024K, reserved 1146880K
  class space    used 13927K, capacity 15189K, committed 15232K, reserved 1048576K
}

Deoptimization events (10 events):
Event: 2947.204 Thread 0x000000001f0fb000 Uncommon trap: reason=predicate action=maybe_recompile pc=0x0000000005b2c780 method=java.util.ComparableTimSort.reverseRange([Ljava/lang/Object;II)V @ 8
Event: 2947.241 Thread 0x000000001c329800 Uncommon trap: reason=array_check action=maybe_recompile pc=0x000000000570721c method=java.util.TimSort.mergeHi(IIII)V @ 250
Event: 2947.241 Thread 0x000000001c329800 Uncommon trap: reason=array_check action=maybe_recompile pc=0x000000000570721c method=java.util.TimSort.mergeHi(IIII)V @ 250
Event: 2947.243 Thread 0x000000001c32c800 Uncommon trap: reason=array_check action=maybe_recompile pc=0x0000000005700460 method=java.util.TimSort.mergeLo(IIII)V @ 133
Event: 2947.295 Thread 0x000000001c32d000 Uncommon trap: reason=array_check action=maybe_recompile pc=0x0000000005bc66d8 method=java.util.TimSort.mergeHi(IIII)V @ 171
Event: 2947.295 Thread 0x000000001c32d000 Uncommon trap: reason=array_check action=maybe_recompile pc=0x0000000005700460 method=java.util.TimSort.mergeLo(IIII)V @ 133
Event: 2947.295 Thread 0x000000001c32d000 Uncommon trap: reason=array_check action=maybe_recompile pc=0x0000000005bc66d8 method=java.util.TimSort.mergeHi(IIII)V @ 171
Event: 2947.376 Thread 0x000000001ee5b800 Uncommon trap: reason=unstable_if action=reinterpret pc=0x0000000003e03a0c method=java.util.concurrent.ForkJoinPool.signalWork([Ljava/util/concurrent/ForkJoinPool$WorkQueue;Ljava/util/concurrent/ForkJoinPool$WorkQueue;)V @ 8
Event: 3001.355 Thread 0x000000001f0f8000 Uncommon trap: reason=unstable_if action=reinterpret pc=0x000000000348d4f4 method=java.util.concurrent.ConcurrentLinkedQueue.poll()Ljava/lang/Object; @ 74
Event: 3001.359 Thread 0x000000001f0fd000 Uncommon trap: reason=unstable_if action=reinterpret pc=0x00000000034525e8 method=org.gradle.internal.snapshot.SnapshotUtil.getMetadataFromChildren(Ljava/util/List;Lorg/gradle/internal/snapshot/VfsRelativePath;Lorg/gradle/internal/snapshot/CaseSensitivity

Classes redefined (0 events):
No events

Internal exceptions (10 events):
Event: 3001.381 Thread 0x000000001f0fd000 Exception <a 'sun/nio/fs/WindowsException'> (0x00000000da57cb78) thrown at [C:\src\AOSP-openjdk-git\hotspot\src\share\vm\prims\jni.cpp, line 710]
Event: 3001.381 Thread 0x000000001f0fd000 Exception <a 'sun/nio/fs/WindowsException'> (0x00000000da57d798) thrown at [C:\src\AOSP-openjdk-git\hotspot\src\share\vm\prims\jni.cpp, line 710]
Event: 3001.382 Thread 0x000000001f0fd000 Exception <a 'sun/nio/fs/WindowsException'> (0x00000000da57e440) thrown at [C:\src\AOSP-openjdk-git\hotspot\src\share\vm\prims\jni.cpp, line 710]
Event: 3001.463 Thread 0x000000001f0fd000 Exception <a 'sun/nio/fs/WindowsException'> (0x00000000da5b2ff8) thrown at [C:\src\AOSP-openjdk-git\hotspot\src\share\vm\prims\jni.cpp, line 710]
Event: 3001.463 Thread 0x000000001f0fd000 Exception <a 'sun/nio/fs/WindowsException'> (0x00000000da5b3c60) thrown at [C:\src\AOSP-openjdk-git\hotspot\src\share\vm\prims\jni.cpp, line 710]
Event: 3001.463 Thread 0x000000001f0fd000 Exception <a 'sun/nio/fs/WindowsException'> (0x00000000da5b4950) thrown at [C:\src\AOSP-openjdk-git\hotspot\src\share\vm\prims\jni.cpp, line 710]
Event: 3001.463 Thread 0x000000001f0fd000 Exception <a 'sun/nio/fs/WindowsException'> (0x00000000da5b66c0) thrown at [C:\src\AOSP-openjdk-git\hotspot\src\share\vm\prims\jni.cpp, line 710]
Event: 3001.463 Thread 0x000000001f0fd000 Exception <a 'sun/nio/fs/WindowsException'> (0x00000000da5b7338) thrown at [C:\src\AOSP-openjdk-git\hotspot\src\share\vm\prims\jni.cpp, line 710]
Event: 3001.463 Thread 0x000000001f0fd000 Exception <a 'sun/nio/fs/WindowsException'> (0x00000000da5b8038) thrown at [C:\src\AOSP-openjdk-git\hotspot\src\share\vm\prims\jni.cpp, line 710]
Event: 3001.551 Thread 0x000000001c550800 Exception <a 'sun/nio/fs/WindowsException'> (0x00000000db7f9778) thrown at [C:\src\AOSP-openjdk-git\hotspot\src\share\vm\prims\jni.cpp, line 710]

Events (10 events):
Event: 3018.234 Thread 0x000000001f0f4000 Thread added: 0x000000001f0f4000
Event: 3018.234 Thread 0x000000001f0fc800 Thread added: 0x000000001f0fc800
Event: 3018.234 Thread 0x000000001f0fb800 Thread added: 0x000000001f0fb800
Event: 3018.234 Thread 0x000000001f0fd000 Thread added: 0x000000001f0fd000
Event: 3018.235 Thread 0x000000001f0fe000 Thread added: 0x000000001f0fe000
Event: 3018.235 Thread 0x000000001c31f800 Thread added: 0x000000001c31f800
Event: 3018.235 Thread 0x000000001c325800 Thread added: 0x000000001c325800
Event: 3018.235 Executing VM operation: RevokeBias
Event: 3018.235 Executing VM operation: RevokeBias done
Event: 3018.266 Thread 0x000000001c322000 Thread added: 0x000000001c322000


Dynamic libraries:
0x00007ff733650000 - 0x00007ff733681000 	C:\Program Files\Android\Android Studio\jre\bin\java.exe
0x00007ffa19160000 - 0x00007ffa19350000 	C:\WINDOWS\SYSTEM32\ntdll.dll
0x00007ffa18050000 - 0x00007ffa18102000 	C:\WINDOWS\System32\KERNEL32.DLL
0x00007ffa164b0000 - 0x00007ffa16754000 	C:\WINDOWS\System32\KERNELBASE.dll
0x00007ffa175b0000 - 0x00007ffa17653000 	C:\WINDOWS\System32\ADVAPI32.dll
0x00007ffa17b70000 - 0x00007ffa17c0e000 	C:\WINDOWS\System32\msvcrt.dll
0x00007ffa17c30000 - 0x00007ffa17cc7000 	C:\WINDOWS\System32\sechost.dll
0x00007ffa19000000 - 0x00007ffa19120000 	C:\WINDOWS\System32\RPCRT4.dll
0x00007ffa17e30000 - 0x00007ffa17fc5000 	C:\WINDOWS\System32\USER32.dll
0x00007ffa16330000 - 0x00007ffa16351000 	C:\WINDOWS\System32\win32u.dll
0x00007ffa17800000 - 0x00007ffa17826000 	C:\WINDOWS\System32\GDI32.dll
0x00007ffa16fa0000 - 0x00007ffa17136000 	C:\WINDOWS\System32\gdi32full.dll
0x00007ffa16140000 - 0x00007ffa161de000 	C:\WINDOWS\System32\msvcp_win.dll
0x00007ffa17170000 - 0x00007ffa1726a000 	C:\WINDOWS\System32\ucrtbase.dll
0x00007ffa0c120000 - 0x00007ffa0c3a4000 	C:\WINDOWS\WinSxS\amd64_microsoft.windows.common-controls_6595b64144ccf1df_6.0.18362.1016_none_9e7a36bbe461dae4\COMCTL32.dll
0x00007ffa17270000 - 0x00007ffa175a5000 	C:\WINDOWS\System32\combase.dll
0x00007ffa16380000 - 0x00007ffa16400000 	C:\WINDOWS\System32\bcryptPrimitives.dll
0x00007ffa18c80000 - 0x00007ffa18cae000 	C:\WINDOWS\System32\IMM32.DLL
0x000000006f020000 - 0x000000006f0f2000 	C:\Program Files\Android\Android Studio\jre\jre\bin\msvcr100.dll
0x000000006f100000 - 0x000000006f94b000 	C:\Program Files\Android\Android Studio\jre\jre\bin\server\jvm.dll
0x00007ffa18580000 - 0x00007ffa18588000 	C:\WINDOWS\System32\PSAPI.DLL
0x00007ffa0f620000 - 0x00007ffa0f629000 	C:\WINDOWS\SYSTEM32\WSOCK32.dll
0x00007ffa13010000 - 0x00007ffa13034000 	C:\WINDOWS\SYSTEM32\WINMM.dll
0x00007ffa10e40000 - 0x00007ffa10e4a000 	C:\WINDOWS\SYSTEM32\VERSION.dll
0x00007ffa17790000 - 0x00007ffa177ff000 	C:\WINDOWS\System32\WS2_32.dll
0x00007ffa12fe0000 - 0x00007ffa1300d000 	C:\WINDOWS\SYSTEM32\WINMMBASE.dll
0x00007ffa16f50000 - 0x00007ffa16f9a000 	C:\WINDOWS\System32\cfgmgr32.dll
0x00007ffa0f610000 - 0x00007ffa0f61f000 	C:\Program Files\Android\Android Studio\jre\jre\bin\verify.dll
0x00007ffa0c700000 - 0x00007ffa0c729000 	C:\Program Files\Android\Android Studio\jre\jre\bin\java.dll
0x00007ffa0c6e0000 - 0x00007ffa0c6f6000 	C:\Program Files\Android\Android Studio\jre\jre\bin\zip.dll
0x00007ffa18590000 - 0x00007ffa18c77000 	C:\WINDOWS\System32\SHELL32.dll
0x00007ffa18cb0000 - 0x00007ffa18d59000 	C:\WINDOWS\System32\shcore.dll
0x00007ffa167c0000 - 0x00007ffa16f42000 	C:\WINDOWS\System32\windows.storage.dll
0x00007ffa16110000 - 0x00007ffa16133000 	C:\WINDOWS\System32\profapi.dll
0x00007ffa160a0000 - 0x00007ffa160ea000 	C:\WINDOWS\System32\powrprof.dll
0x00007ffa16070000 - 0x00007ffa16080000 	C:\WINDOWS\System32\UMPDC.dll
0x00007ffa17960000 - 0x00007ffa179b2000 	C:\WINDOWS\System32\shlwapi.dll
0x00007ffa160f0000 - 0x00007ffa16101000 	C:\WINDOWS\System32\kernel.appcore.dll
0x00007ffa16360000 - 0x00007ffa16377000 	C:\WINDOWS\System32\cryptsp.dll
0x00007ffa0c6c0000 - 0x00007ffa0c6da000 	C:\Program Files\Android\Android Studio\jre\jre\bin\net.dll
0x00007ffa15870000 - 0x00007ffa158d7000 	C:\WINDOWS\system32\mswsock.dll
0x00007ffa0bf80000 - 0x00007ffa0bf93000 	C:\Program Files\Android\Android Studio\jre\jre\bin\nio.dll
0x00007ff9f40b0000 - 0x00007ff9f40d6000 	C:\Users\Administrator\.gradle\native\31\windows-amd64\native-platform.dll
0x00007ffa0f600000 - 0x00007ffa0f60d000 	C:\Program Files\Android\Android Studio\jre\jre\bin\management.dll
0x00007ffa153e0000 - 0x00007ffa15413000 	C:\WINDOWS\system32\rsaenh.dll
0x00007ffa17140000 - 0x00007ffa17166000 	C:\WINDOWS\System32\bcrypt.dll
0x00007ffa15f60000 - 0x00007ffa15f85000 	C:\WINDOWS\SYSTEM32\USERENV.dll
0x00007ffa15a40000 - 0x00007ffa15a4c000 	C:\WINDOWS\SYSTEM32\CRYPTBASE.dll
0x00007ffa15580000 - 0x00007ffa155ba000 	C:\WINDOWS\SYSTEM32\IPHLPAPI.DLL
0x00007ffa17710000 - 0x00007ffa17718000 	C:\WINDOWS\System32\NSI.dll
0x00007ffa0fbb0000 - 0x00007ffa0fbc6000 	C:\WINDOWS\SYSTEM32\dhcpcsvc6.DLL
0x00007ffa0fac0000 - 0x00007ffa0fadc000 	C:\WINDOWS\SYSTEM32\dhcpcsvc.DLL
0x00007ffa155c0000 - 0x00007ffa1568b000 	C:\WINDOWS\SYSTEM32\DNSAPI.dll
0x00007ff9f9d10000 - 0x00007ff9f9d34000 	C:\Program Files\Android\Android Studio\jre\jre\bin\sunec.dll
0x00007ffa06250000 - 0x00007ffa0625a000 	C:\Windows\System32\rasadhlp.dll

VM Arguments:
jvm_args: -Xmx2048m -Dfile.encoding=windows-1252 -Duser.country=US -Duser.language=en -Duser.variant 
java_command: org.gradle.launcher.daemon.bootstrap.GradleDaemon 6.1.1
java_class_path (initial): C:\Users\Administrator\.gradle\wrapper\dists\gradle-6.1.1-all\cfmwm155h49vnt3hynmlrsdst\gradle-6.1.1\lib\gradle-launcher-6.1.1.jar
Launcher Type: SUN_STANDARD

Environment Variables:
JAVA_HOME=C:\Program Files\Java\jdk1.8.0_144
JRE_HOME=C:\Program Files\Java\jre1.8.0_144
PATH=C:\ProgramData\Oracle\Java\javapath;C:\WINDOWS\system32;C:\WINDOWS;C:\WINDOWS\System32\Wbem;C:\WINDOWS\System32\WindowsPowerShell\v1.0\;C:\WINDOWS\System32\OpenSSH\;C:\Program Files\Git\cmd;C:\Users\Administrator\AppData\Local\Microsoft\WindowsApps;
USERNAME=Administrator
OS=Windows_NT
PROCESSOR_IDENTIFIER=Intel64 Family 6 Model 142 Stepping 12, GenuineIntel



---------------  S Y S T E M  ---------------

OS: Windows 10.0 , 64 bit Build 18362 (10.0.18362.959)

CPU:total 8 (initial active 8) (4 cores per cpu, 2 threads per core) family 6 model 142 stepping 12, cmov, cx8, fxsr, mmx, sse, sse2, sse3, ssse3, sse4.1, sse4.2, popcnt, avx, avx2, aes, clmul, erms, 3dnowpref, lzcnt, ht, tsc, tscinvbit, bmi1, bmi2, adx

Memory: 4k page, physical 8272132k(503484k free), swap 10222852k(0k free)

vm_info: OpenJDK 64-Bit Server VM (25.242-b01) for windows-amd64 JRE (1.8.0_242-release-1644-b01), built by "builder" with MS VC++ 10.0 (VS2010)

time: Tue Sep 08 20:16:16 2020
timezone: E. Africa Standard Time
elapsed time: 3018 seconds (0d 0h 50m 18s)

